<?xml version="1.0" encoding="UTF-8"?>
<!-- Generated by org.testng.reporters.JUnitReportReporter -->
<testsuite hostname="LAPTOP-3O0V0SJS" failures="0" tests="9" name="com.api.tests.DataDrivenTest" time="11.797" errors="0" timestamp="2024-07-07T15:39:45 IST" skipped="0">
  <testcase classname="com.api.tests.DataDrivenTest" name="testCreateUser" time="1.101"/>
  <testcase classname="com.api.tests.DataDrivenTest" name="testCreateUser" time="1.106"/>
  <testcase classname="com.api.tests.DataDrivenTest" name="testCreateUser" time="2.961"/>
  <testcase classname="com.api.tests.DataDrivenTest" name="testGetUser" time="1.145"/>
  <testcase classname="com.api.tests.DataDrivenTest" name="testGetUser" time="1.087"/>
  <testcase classname="com.api.tests.DataDrivenTest" name="testGetUser" time="1.091"/>
  <testcase classname="com.api.tests.DataDrivenTest" name="testDeleteUser" time="1.105"/>
  <testcase classname="com.api.tests.DataDrivenTest" name="testDeleteUser" time="1.101"/>
  <testcase classname="com.api.tests.DataDrivenTest" name="testDeleteUser" time="1.100"/>
</testsuite> <!-- com.api.tests.DataDrivenTest -->
