<?xml version="1.0" encoding="UTF-8"?>
<!-- Generated by org.testng.reporters.JUnitReportReporter -->
<testsuite hostname="LAPTOP-3O0V0SJS" failures="0" tests="3" name="com.api.tests.StoreOrderTest" time="5.594" errors="0" timestamp="2024-11-09T12:03:40 IST" skipped="0">
  <testcase classname="com.api.tests.StoreOrderTest" name="testGetOrder" time="1.233"/>
  <testcase classname="com.api.tests.StoreOrderTest" name="testGetOrder" time="2.940"/>
  <testcase classname="com.api.tests.StoreOrderTest" name="testGetOrder" time="1.421"/>
</testsuite> <!-- com.api.tests.StoreOrderTest -->
