<?xml version="1.0" encoding="UTF-8"?>
<!-- Generated by org.testng.reporters.JUnitReportReporter -->
<testsuite hostname="LAPTOP-3O0V0SJS" failures="0" tests="4" name="com.api.tests.UserTest" time="8.708" errors="0" timestamp="2024-07-07T09:42:45 IST" skipped="0">
  <testcase classname="com.api.tests.UserTest" name="testCreateUser" time="4.206"/>
  <testcase classname="com.api.tests.UserTest" name="testGetUser" time="1.147"/>
  <testcase classname="com.api.tests.UserTest" name="testUpdateUserByName" time="2.272"/>
  <testcase classname="com.api.tests.UserTest" name="testDeleteUser" time="1.083"/>
</testsuite> <!-- com.api.tests.UserTest -->
