<?xml version="1.0" encoding="UTF-8"?>
<!-- Generated by org.testng.reporters.JUnitReportReporter -->
<testsuite hostname="LAPTOP-3O0V0SJS" failures="0" tests="9" name="com.api.tests.UserTest" time="11.881" errors="0" timestamp="2024-07-09T12:21:10 IST" skipped="0">
  <testcase classname="com.api.tests.UserTest" name="testCreateUser" time="1.099"/>
  <testcase classname="com.api.tests.UserTest" name="testCreateUser" time="1.085"/>
  <testcase classname="com.api.tests.UserTest" name="testCreateUser" time="3.064"/>
  <testcase classname="com.api.tests.UserTest" name="testGetUser" time="1.157"/>
  <testcase classname="com.api.tests.UserTest" name="testGetUser" time="1.106"/>
  <testcase classname="com.api.tests.UserTest" name="testGetUser" time="1.101"/>
  <testcase classname="com.api.tests.UserTest" name="testDeleteUser" time="1.099"/>
  <testcase classname="com.api.tests.UserTest" name="testDeleteUser" time="1.087"/>
  <testcase classname="com.api.tests.UserTest" name="testDeleteUser" time="1.083"/>
</testsuite> <!-- com.api.tests.UserTest -->
