<?xml version="1.0" encoding="UTF-8"?>
<!-- Generated by org.testng.reporters.JUnitReportReporter -->
<testsuite hostname="LAPTOP-3O0V0SJS" failures="0" tests="9" name="com.api.tests.DataDrivenTest" time="11.955" errors="0" timestamp="2024-07-08T12:44:14 IST" skipped="0">
  <testcase classname="com.api.tests.DataDrivenTest" name="testCreateUser" time="3.081"/>
  <testcase classname="com.api.tests.DataDrivenTest" name="testCreateUser" time="1.099"/>
  <testcase classname="com.api.tests.DataDrivenTest" name="testCreateUser" time="1.109"/>
  <testcase classname="com.api.tests.DataDrivenTest" name="testGetUser" time="1.075"/>
  <testcase classname="com.api.tests.DataDrivenTest" name="testGetUser" time="1.146"/>
  <testcase classname="com.api.tests.DataDrivenTest" name="testGetUser" time="1.097"/>
  <testcase classname="com.api.tests.DataDrivenTest" name="testDeleteUser" time="1.091"/>
  <testcase classname="com.api.tests.DataDrivenTest" name="testDeleteUser" time="1.130"/>
  <testcase classname="com.api.tests.DataDrivenTest" name="testDeleteUser" time="1.127"/>
</testsuite> <!-- com.api.tests.DataDrivenTest -->
